<?xml version="1.0" encoding="UTF-8"?>
<!-- Generated by org.testng.reporters.JUnitXMLReporter -->
<testsuite hostname="Raktim" ignored="0" name="Default test" tests="3" failures="0" timestamp="2022-01-29T00:41:24 IST" time="1.741" errors="0">
  <testcase name="isSFExists" time="0.059" classname="storedfunctiontesting.SFTesting"/>
  <testcase name="CustomerLevelSF" time="0.037" classname="storedfunctiontesting.SFTesting"/>
  <testcase name="test_CustomerLevel_with_StoredProcedure" time="0.223" classname="storedfunctiontesting.SFTesting"/>
</testsuite> <!-- Default test -->
